c:\users\carlo\documents\github\practice-3\debug\vc140.pdb
c:\users\carlo\documents\github\practice-3\debug\vc140.idb
c:\users\carlo\documents\github\practice-3\debug\week 3 program 7.obj
c:\users\carlo\documents\github\practice-3\debug\lab6.obj
c:\users\carlo\documents\github\practice-3\debug\week 6 program 2.obj
c:\users\carlo\documents\github\practice-3\debug\lab7.obj
c:\users\carlo\documents\github\practice-3\debug\week 8 program 1.obj
c:\users\carlo\documents\github\practice-3\debug\week 8 program 2.obj
c:\users\carlo\documents\github\practice-3\debug\week 8 program 3.obj
c:\users\carlo\documents\github\practice-3\debug\week 8 program 4.obj
c:\users\carlo\documents\github\practice-3\debug\week 8 program 6.obj
c:\users\carlo\documents\github\practice-3\debug\week 8 program 7.obj
c:\users\carlo\documents\github\practice-3\debug\week 8 program 8.obj
c:\users\carlo\documents\github\practice-3\debug\week 8 program 5.obj
c:\users\carlo\documents\github\practice-3\debug\queue.obj
c:\users\carlo\documents\github\practice-3\debug\lob8.obj
c:\users\carlo\documents\github\practice-3\debug\practice review c++ part 5.ilk
c:\users\carlo\documents\github\practice-3\debug\practice review c++ part 5.exe
c:\users\carlo\documents\github\practice-3\debug\practice review c++ part 5.pdb
c:\users\carlo\documents\github\practice-3\debug\vc120.idb
c:\users\carlo\documents\github\practice-3\debug\practice.5cfc1fc7.tlog\cl.command.1.tlog
c:\users\carlo\documents\github\practice-3\debug\practice.5cfc1fc7.tlog\cl.read.1.tlog
c:\users\carlo\documents\github\practice-3\debug\practice.5cfc1fc7.tlog\cl.write.1.tlog
c:\users\carlo\documents\github\practice-3\debug\practice.5cfc1fc7.tlog\link.command.1.tlog
c:\users\carlo\documents\github\practice-3\debug\practice.5cfc1fc7.tlog\link.read.1.tlog
c:\users\carlo\documents\github\practice-3\debug\practice.5cfc1fc7.tlog\link.write.1.tlog
